<?xml version="1.0" encoding="UTF-8"?>
<!-- Generated by org.testng.reporters.JUnitReportReporter -->
<testsuite hostname="DESKTOP-7SU2OP8" failures="0" tests="1" name="Ramaclass1Test" time="1.758" errors="0" timestamp="2021-06-09T23:20:49 CDT" skipped="0">
  <testcase classname="Ramaclass1Test" name="setup" time="1.758"/>
  <system-out/>
</testsuite> <!-- Ramaclass1Test -->
